{
  "RSpec": {
    "coverage": {
      "/Users/Brittany/Desktop/git/projects/Ada/project-forks/capstone/spec/controllers/sessions_controller_spec.rb": [
        1,
        null,
        1,
        1,
        6,
        null,
        1,
        1,
        1,
        null,
        null,
        1,
        2,
        null,
        null,
        1,
        1,
        2,
        null,
        null,
        1,
        1,
        1,
        null,
        null,
        1,
        1,
        1,
        null,
        null,
        null
      ],
      "/Users/Brittany/Desktop/git/projects/Ada/project-forks/capstone/spec/rails_helper.rb": [
        null,
        1,
        1,
        null,
        1,
        1,
        1,
        null,
        null,
        null,
        null,
        null,
        null,
        null,
        null,
        null,
        null,
        null,
        null,
        null,
        null,
        null,
        null,
        null,
        null,
        null,
        1,
        null,
        1,
        null,
        1,
        null,
        null,
        null,
        null,
        1,
        null,
        null,
        null,
        null,
        null,
        null,
        null,
        null,
        null,
        null,
        null,
        null,
        null,
        null,
        1,
        null,
        null,
        1,
        null,
        null,
        null
      ],
      "/Users/Brittany/Desktop/git/projects/Ada/project-forks/capstone/config/environment.rb": [
        null,
        1,
        null,
        null,
        1
      ],
      "/Users/Brittany/Desktop/git/projects/Ada/project-forks/capstone/config/application.rb": [
        1,
        null,
        1,
        null,
        1,
        1,
        1,
        1,
        1,
        1,
        1,
        null,
        null,
        null,
        null,
        1,
        null,
        1,
        1,
        null,
        null,
        null,
        null,
        null,
        null,
        null,
        null,
        null,
        null,
        null,
        null,
        null,
        1,
        null,
        null
      ],
      "/Users/Brittany/Desktop/git/projects/Ada/project-forks/capstone/config/boot.rb": [
        1,
        null,
        1
      ],
      "/Users/Brittany/Desktop/git/projects/Ada/project-forks/capstone/config/environments/test.rb": [
        1,
        null,
        null,
        null,
        null,
        null,
        null,
        1,
        null,
        null,
        null,
        null,
        1,
        null,
        null,
        1,
        1,
        null,
        null,
        1,
        1,
        null,
        null,
        1,
        null,
        null,
        1,
        null,
        null,
        null,
        null,
        1,
        null,
        null,
        1,
        null,
        null,
        1,
        null,
        null,
        null,
        null
      ],
      "/Users/Brittany/Desktop/git/projects/Ada/project-forks/capstone/config/initializers/assets.rb": [
        null,
        null,
        null,
        1,
        null,
        null,
        null,
        null,
        null,
        null,
        null,
        1
      ],
      "/Users/Brittany/Desktop/git/projects/Ada/project-forks/capstone/config/initializers/backtrace_silencers.rb": [
        null,
        null,
        null,
        null,
        null,
        null,
        null
      ],
      "/Users/Brittany/Desktop/git/projects/Ada/project-forks/capstone/config/initializers/cookies_serializer.rb": [
        null,
        null,
        1
      ],
      "/Users/Brittany/Desktop/git/projects/Ada/project-forks/capstone/config/initializers/filter_parameter_logging.rb": [
        null,
        null,
        null,
        1
      ],
      "/Users/Brittany/Desktop/git/projects/Ada/project-forks/capstone/config/initializers/inflections.rb": [
        null,
        null,
        null,
        null,
        null,
        null,
        null,
        null,
        null,
        null,
        null,
        null,
        null,
        null,
        null,
        null
      ],
      "/Users/Brittany/Desktop/git/projects/Ada/project-forks/capstone/config/initializers/mime_types.rb": [
        null,
        null,
        null,
        null
      ],
      "/Users/Brittany/Desktop/git/projects/Ada/project-forks/capstone/config/initializers/omniauth.rb": [
        1,
        1,
        null
      ],
      "/Users/Brittany/Desktop/git/projects/Ada/project-forks/capstone/config/initializers/session_store.rb": [
        null,
        null,
        1
      ],
      "/Users/Brittany/Desktop/git/projects/Ada/project-forks/capstone/config/initializers/wrap_parameters.rb": [
        null,
        null,
        null,
        null,
        null,
        null,
        1,
        1,
        null,
        null,
        null,
        null,
        null,
        null
      ],
      "/Users/Brittany/Desktop/git/projects/Ada/project-forks/capstone/spec/factories/users.rb": [
        1,
        1,
        1,
        1,
        1,
        1,
        1,
        1,
        1,
        1,
        null,
        null
      ],
      "/Users/Brittany/Desktop/git/projects/Ada/project-forks/capstone/config/routes.rb": [
        1,
        1,
        null,
        1,
        1,
        1,
        1,
        1,
        1,
        1,
        null
      ],
      "/Users/Brittany/Desktop/git/projects/Ada/project-forks/capstone/app/helpers/application_helper.rb": [
        1,
        null
      ],
      "/Users/Brittany/Desktop/git/projects/Ada/project-forks/capstone/app/helpers/sessions_helper.rb": [
        1,
        null
      ],
      "/Users/Brittany/Desktop/git/projects/Ada/project-forks/capstone/app/helpers/site_helper.rb": [
        1,
        null
      ],
      "/Users/Brittany/Desktop/git/projects/Ada/project-forks/capstone/app/controllers/sessions_controller.rb": [
        1,
        1,
        null,
        null,
        null,
        null,
        null,
        4,
        4,
        4,
        4,
        null,
        null,
        1,
        1,
        1,
        null,
        null
      ],
      "/Users/Brittany/Desktop/git/projects/Ada/project-forks/capstone/app/controllers/application_controller.rb": [
        1,
        null,
        null,
        1,
        1,
        null,
        1,
        1,
        null,
        1,
        31,
        null,
        null,
        null,
        null,
        null,
        null,
        null,
        null,
        null,
        null,
        null,
        1,
        4,
        null,
        null
      ],
      "/Users/Brittany/Desktop/git/projects/Ada/project-forks/capstone/spec/controllers/site_controller_spec.rb": [
        1,
        null,
        1,
        1,
        1,
        1,
        1,
        null,
        null,
        null,
        1,
        1,
        1,
        null,
        null,
        null,
        null,
        1,
        1,
        1,
        1,
        null,
        null,
        null,
        1,
        1,
        1,
        null,
        null,
        null,
        null,
        1,
        1,
        1,
        1,
        null,
        null,
        null,
        1,
        1,
        1,
        null,
        null,
        null,
        null,
        1,
        1,
        1,
        1,
        null,
        null,
        null,
        1,
        1,
        1,
        null,
        null,
        null,
        null
      ],
      "/Users/Brittany/Desktop/git/projects/Ada/project-forks/capstone/app/controllers/site_controller.rb": [
        1,
        1,
        1,
        1,
        1,
        1,
        1,
        1,
        1,
        null,
        0,
        null,
        null,
        1,
        1,
        1,
        null,
        null,
        null,
        1,
        1,
        1,
        1,
        1,
        1,
        null,
        0,
        null,
        null,
        null,
        null,
        1,
        1,
        0,
        null,
        1,
        1,
        1,
        null,
        null,
        null,
        1,
        1,
        1,
        1,
        1,
        1,
        null,
        0,
        null,
        null,
        1,
        1,
        1,
        null,
        null,
        1,
        1,
        1,
        1,
        null,
        null,
        null,
        1,
        1,
        1,
        1,
        1,
        1,
        null,
        0,
        null,
        null,
        1,
        1,
        1,
        null,
        null,
        null
      ],
      "/Users/Brittany/Desktop/git/projects/Ada/project-forks/capstone/spec/helpers/sessions_helper_spec.rb": [
        1,
        null,
        null,
        null,
        null,
        null,
        null,
        null,
        null,
        null,
        null,
        null,
        1,
        null
      ],
      "/Users/Brittany/Desktop/git/projects/Ada/project-forks/capstone/spec/helpers/site_helper_spec.rb": [
        1,
        null,
        null,
        null,
        null,
        null,
        null,
        null,
        null,
        null,
        null,
        null,
        1,
        null
      ],
      "/Users/Brittany/Desktop/git/projects/Ada/project-forks/capstone/spec/models/user_spec.rb": [
        1,
        null,
        1,
        1,
        1,
        3,
        null,
        null,
        null,
        null,
        null,
        1,
        1,
        1,
        null,
        null,
        1,
        1,
        1,
        null,
        null,
        1,
        1,
        1,
        1,
        null,
        null,
        null,
        null,
        1,
        1,
        1,
        null,
        null,
        null,
        null,
        null,
        1,
        1,
        1,
        1,
        null,
        null,
        null
      ],
      "/Users/Brittany/Desktop/git/projects/Ada/project-forks/capstone/app/models/user.rb": [
        1,
        null,
        1,
        9,
        9,
        null,
        2,
        1,
        1,
        1,
        null,
        2,
        null,
        null,
        7,
        7,
        7,
        7,
        7,
        7,
        7,
        7,
        7,
        7,
        7,
        7,
        null,
        null,
        null,
        1,
        5,
        null,
        null,
        null,
        null,
        null,
        null,
        null,
        null,
        5,
        null,
        null,
        5,
        5,
        5,
        5,
        5,
        null,
        null,
        1,
        4,
        null,
        null,
        null,
        null,
        null,
        null,
        null,
        null,
        4,
        null,
        null,
        4,
        4,
        4,
        null,
        null,
        1,
        1,
        null,
        null,
        null,
        null,
        null,
        null,
        null,
        null,
        1,
        null,
        1,
        1,
        1,
        1,
        7,
        7,
        7,
        7,
        7,
        null,
        1,
        1,
        1,
        null,
        null
      ]
    },
    "timestamp": 1457545788
  }
}
